{"E:\\MPP\\FetchBack\\src\\AddPet.css": {"path":"E:\\MPP\\FetchBack\\src\\AddPet.css","statementMap":{},"fnMap":{},"branchMap":{},"s":{},"f":{},"b":{},"meta":{"lastBranch":0,"lastFunction":0,"lastStatement":0,"seen":{}}}
,"E:\\MPP\\FetchBack\\src\\AddPet.jsx": {"path":"E:\\MPP\\FetchBack\\src\\AddPet.jsx","statementMap":{"0":{"start":{"line":9,"column":21},"end":{"line":20,"column":6}},"1":{"start":{"line":22,"column":10},"end":{"line":23,"column":null}},"2":{"start":{"line":23,"column":6},"end":{"line":23,"column":null}},"3":{"start":{"line":26,"column":25},"end":{"line":26,"column":58}},"4":{"start":{"line":28,"column":10},"end":{"line":31,"column":null}},"5":{"start":{"line":29,"column":21},"end":{"line":29,"column":null}},"6":{"start":{"line":30,"column":8},"end":{"line":31,"column":null}},"7":{"start":{"line":31,"column":12},"end":{"line":31,"column":null}},"8":{"start":{"line":35,"column":10},"end":{"line":68,"column":null}},"9":{"start":{"line":37,"column":8},"end":{"line":39,"column":null}},"10":{"start":{"line":38,"column":12},"end":{"line":38,"column":null}},"11":{"start":{"line":39,"column":12},"end":{"line":39,"column":null}},"12":{"start":{"line":42,"column":8},"end":{"line":44,"column":null}},"13":{"start":{"line":43,"column":12},"end":{"line":43,"column":null}},"14":{"start":{"line":44,"column":12},"end":{"line":44,"column":null}},"15":{"start":{"line":47,"column":8},"end":{"line":49,"column":null}},"16":{"start":{"line":48,"column":12},"end":{"line":48,"column":null}},"17":{"start":{"line":49,"column":12},"end":{"line":49,"column":null}},"18":{"start":{"line":52,"column":8},"end":{"line":54,"column":null}},"19":{"start":{"line":53,"column":12},"end":{"line":53,"column":null}},"20":{"start":{"line":54,"column":12},"end":{"line":54,"column":null}},"21":{"start":{"line":57,"column":8},"end":{"line":68,"column":null}},"22":{"start":{"line":71,"column":4},"end":{"line":222,"column":null}},"23":{"start":{"line":74,"column":54},"end":{"line":74,"column":71}},"24":{"start":{"line":80,"column":57},"end":{"line":80,"column":79}},"25":{"start":{"line":85,"column":51},"end":{"line":85,"column":73}},"26":{"start":{"line":120,"column":33},"end":{"line":120,"column":84}},"27":{"start":{"line":134,"column":86},"end":{"line":134,"column":139}},"28":{"start":{"line":139,"column":78},"end":{"line":139,"column":136}},"29":{"start":{"line":144,"column":77},"end":{"line":144,"column":134}},"30":{"start":{"line":149,"column":74},"end":{"line":149,"column":128}},"31":{"start":{"line":160,"column":35},"end":{"line":160,"column":82}},"32":{"start":{"line":179,"column":110},"end":{"line":179,"column":138}},"33":{"start":{"line":180,"column":109},"end":{"line":180,"column":136}},"34":{"start":{"line":186,"column":79},"end":{"line":186,"column":138}},"35":{"start":{"line":197,"column":33},"end":{"line":197,"column":83}},"36":{"start":{"line":205,"column":33},"end":{"line":205,"column":86}},"37":{"start":{"line":213,"column":33},"end":{"line":213,"column":86}},"38":{"start":{"line":221,"column":76},"end":{"line":221,"column":98}}},"fnMap":{"0":{"name":"AddPet","decl":{"start":{"line":6,"column":9},"end":{"line":6,"column":16}},"loc":{"start":{"line":6,"column":40},"end":{"line":222,"column":null}},"line":6},"1":{"name":"(anonymous_1)","decl":{"start":{"line":22,"column":10},"end":{"line":22,"column":35}},"loc":{"start":{"line":22,"column":43},"end":{"line":23,"column":null}},"line":22},"2":{"name":"(anonymous_2)","decl":{"start":{"line":28,"column":10},"end":{"line":28,"column":31}},"loc":{"start":{"line":28,"column":37},"end":{"line":31,"column":null}},"line":28},"3":{"name":"(anonymous_3)","decl":{"start":{"line":35,"column":10},"end":{"line":35,"column":27}},"loc":{"start":{"line":35,"column":27},"end":{"line":68,"column":null}},"line":35},"4":{"name":"(anonymous_4)","decl":{"start":{"line":74,"column":39},"end":{"line":74,"column":54}},"loc":{"start":{"line":74,"column":54},"end":{"line":74,"column":71}},"line":74},"5":{"name":"(anonymous_5)","decl":{"start":{"line":80,"column":42},"end":{"line":80,"column":57}},"loc":{"start":{"line":80,"column":57},"end":{"line":80,"column":79}},"line":80},"6":{"name":"(anonymous_6)","decl":{"start":{"line":85,"column":36},"end":{"line":85,"column":51}},"loc":{"start":{"line":85,"column":51},"end":{"line":85,"column":73}},"line":85},"7":{"name":"(anonymous_7)","decl":{"start":{"line":120,"column":16},"end":{"line":120,"column":27}},"loc":{"start":{"line":120,"column":33},"end":{"line":120,"column":84}},"line":120},"8":{"name":"(anonymous_8)","decl":{"start":{"line":134,"column":69},"end":{"line":134,"column":80}},"loc":{"start":{"line":134,"column":86},"end":{"line":134,"column":139}},"line":134},"9":{"name":"(anonymous_9)","decl":{"start":{"line":139,"column":61},"end":{"line":139,"column":72}},"loc":{"start":{"line":139,"column":78},"end":{"line":139,"column":136}},"line":139},"10":{"name":"(anonymous_10)","decl":{"start":{"line":144,"column":60},"end":{"line":144,"column":71}},"loc":{"start":{"line":144,"column":77},"end":{"line":144,"column":134}},"line":144},"11":{"name":"(anonymous_11)","decl":{"start":{"line":149,"column":57},"end":{"line":149,"column":68}},"loc":{"start":{"line":149,"column":74},"end":{"line":149,"column":128}},"line":149},"12":{"name":"(anonymous_12)","decl":{"start":{"line":160,"column":18},"end":{"line":160,"column":29}},"loc":{"start":{"line":160,"column":35},"end":{"line":160,"column":82}},"line":160},"13":{"name":"(anonymous_13)","decl":{"start":{"line":179,"column":95},"end":{"line":179,"column":110}},"loc":{"start":{"line":179,"column":110},"end":{"line":179,"column":138}},"line":179},"14":{"name":"(anonymous_14)","decl":{"start":{"line":180,"column":94},"end":{"line":180,"column":109}},"loc":{"start":{"line":180,"column":109},"end":{"line":180,"column":136}},"line":180},"15":{"name":"(anonymous_15)","decl":{"start":{"line":186,"column":62},"end":{"line":186,"column":73}},"loc":{"start":{"line":186,"column":79},"end":{"line":186,"column":138}},"line":186},"16":{"name":"(anonymous_16)","decl":{"start":{"line":197,"column":18},"end":{"line":197,"column":33}},"loc":{"start":{"line":197,"column":33},"end":{"line":197,"column":83}},"line":197},"17":{"name":"(anonymous_17)","decl":{"start":{"line":205,"column":18},"end":{"line":205,"column":33}},"loc":{"start":{"line":205,"column":33},"end":{"line":205,"column":86}},"line":205},"18":{"name":"(anonymous_18)","decl":{"start":{"line":213,"column":18},"end":{"line":213,"column":33}},"loc":{"start":{"line":213,"column":33},"end":{"line":213,"column":86}},"line":213},"19":{"name":"(anonymous_19)","decl":{"start":{"line":221,"column":61},"end":{"line":221,"column":76}},"loc":{"start":{"line":221,"column":76},"end":{"line":221,"column":98}},"line":221}},"branchMap":{"0":{"loc":{"start":{"line":23,"column":58},"end":{"line":23,"column":107}},"type":"cond-expr","locations":[{"start":{"line":23,"column":73},"end":{"line":23,"column":90}},{"start":{"line":23,"column":90},"end":{"line":23,"column":107}}],"line":23},"1":{"loc":{"start":{"line":30,"column":8},"end":{"line":31,"column":null}},"type":"if","locations":[{"start":{"line":30,"column":8},"end":{"line":31,"column":null}},{"start":{},"end":{}}],"line":30},"2":{"loc":{"start":{"line":37,"column":8},"end":{"line":39,"column":null}},"type":"if","locations":[{"start":{"line":37,"column":8},"end":{"line":39,"column":null}},{"start":{},"end":{}}],"line":37},"3":{"loc":{"start":{"line":42,"column":8},"end":{"line":44,"column":null}},"type":"if","locations":[{"start":{"line":42,"column":8},"end":{"line":44,"column":null}},{"start":{},"end":{}}],"line":42},"4":{"loc":{"start":{"line":47,"column":8},"end":{"line":49,"column":null}},"type":"if","locations":[{"start":{"line":47,"column":8},"end":{"line":49,"column":null}},{"start":{},"end":{}}],"line":47},"5":{"loc":{"start":{"line":52,"column":8},"end":{"line":54,"column":null}},"type":"if","locations":[{"start":{"line":52,"column":8},"end":{"line":54,"column":null}},{"start":{},"end":{}}],"line":52},"6":{"loc":{"start":{"line":52,"column":12},"end":{"line":52,"column":51}},"type":"binary-expr","locations":[{"start":{"line":52,"column":12},"end":{"line":52,"column":32}},{"start":{"line":52,"column":32},"end":{"line":52,"column":51}}],"line":52},"7":{"loc":{"start":{"line":67,"column":23},"end":{"line":67,"column":null}},"type":"cond-expr","locations":[{"start":{"line":67,"column":54},"end":{"line":67,"column":64}},{"start":{"line":67,"column":64},"end":{"line":67,"column":null}}],"line":67},"8":{"loc":{"start":{"line":91,"column":13},"end":{"line":101,"column":13}},"type":"cond-expr","locations":[{"start":{"line":92,"column":16},"end":{"line":94,"column":17}},{"start":{"line":94,"column":16},"end":{"line":101,"column":13}}],"line":91},"9":{"loc":{"start":{"line":179,"column":49},"end":{"line":179,"column":95}},"type":"cond-expr","locations":[{"start":{"line":179,"column":80},"end":{"line":179,"column":91}},{"start":{"line":179,"column":91},"end":{"line":179,"column":95}}],"line":179},"10":{"loc":{"start":{"line":180,"column":49},"end":{"line":180,"column":94}},"type":"cond-expr","locations":[{"start":{"line":180,"column":79},"end":{"line":180,"column":90}},{"start":{"line":180,"column":90},"end":{"line":180,"column":94}}],"line":180},"11":{"loc":{"start":{"line":191,"column":57},"end":{"line":191,"column":null}},"type":"cond-expr","locations":[{"start":{"line":191,"column":87},"end":{"line":191,"column":103}},{"start":{"line":191,"column":103},"end":{"line":191,"column":null}}],"line":191},"12":{"loc":{"start":{"line":196,"column":29},"end":{"line":196,"column":null}},"type":"cond-expr","locations":[{"start":{"line":196,"column":66},"end":{"line":196,"column":77}},{"start":{"line":196,"column":77},"end":{"line":196,"column":null}}],"line":196},"13":{"loc":{"start":{"line":204,"column":29},"end":{"line":204,"column":null}},"type":"cond-expr","locations":[{"start":{"line":204,"column":69},"end":{"line":204,"column":80}},{"start":{"line":204,"column":80},"end":{"line":204,"column":null}}],"line":204},"14":{"loc":{"start":{"line":212,"column":29},"end":{"line":212,"column":null}},"type":"cond-expr","locations":[{"start":{"line":212,"column":69},"end":{"line":212,"column":80}},{"start":{"line":212,"column":80},"end":{"line":212,"column":null}}],"line":212}},"s":{"0":9,"1":9,"2":0,"3":9,"4":9,"5":1,"6":1,"7":1,"8":9,"9":2,"10":1,"11":1,"12":1,"13":0,"14":0,"15":1,"16":0,"17":0,"18":1,"19":0,"20":0,"21":1,"22":9,"23":0,"24":0,"25":0,"26":1,"27":1,"28":1,"29":1,"30":1,"31":1,"32":0,"33":0,"34":0,"35":0,"36":0,"37":0,"38":0},"f":{"0":9,"1":0,"2":1,"3":2,"4":0,"5":0,"6":0,"7":1,"8":1,"9":1,"10":1,"11":1,"12":1,"13":0,"14":0,"15":0,"16":0,"17":0,"18":0,"19":0},"b":{"0":[0,0],"1":[1,0],"2":[1,1],"3":[0,1],"4":[0,1],"5":[0,1],"6":[1,1],"7":[0,1],"8":[1,8],"9":[0,9],"10":[9,0],"11":[9,0],"12":[9,0],"13":[0,9],"14":[0,9]},"meta":{"lastBranch":15,"lastFunction":20,"lastStatement":39,"seen":{"f:6:9:6:16":0,"s:9:21:20:6":0,"s:22:10:23:Infinity":1,"f:22:10:22:35":1,"s:23:6:23:Infinity":2,"b:23:73:23:90:23:90:23:107":0,"s:26:25:26:58":3,"s:28:10:31:Infinity":4,"f:28:10:28:31":2,"s:29:21:29:Infinity":5,"b:30:8:31:Infinity:undefined:undefined:undefined:undefined":1,"s:30:8:31:Infinity":6,"s:31:12:31:Infinity":7,"s:35:10:68:Infinity":8,"f:35:10:35:27":3,"b:37:8:39:Infinity:undefined:undefined:undefined:undefined":2,"s:37:8:39:Infinity":9,"s:38:12:38:Infinity":10,"s:39:12:39:Infinity":11,"b:42:8:44:Infinity:undefined:undefined:undefined:undefined":3,"s:42:8:44:Infinity":12,"s:43:12:43:Infinity":13,"s:44:12:44:Infinity":14,"b:47:8:49:Infinity:undefined:undefined:undefined:undefined":4,"s:47:8:49:Infinity":15,"s:48:12:48:Infinity":16,"s:49:12:49:Infinity":17,"b:52:8:54:Infinity:undefined:undefined:undefined:undefined":5,"s:52:8:54:Infinity":18,"b:52:12:52:32:52:32:52:51":6,"s:53:12:53:Infinity":19,"s:54:12:54:Infinity":20,"s:57:8:68:Infinity":21,"b:67:54:67:64:67:64:67:Infinity":7,"s:71:4:222:Infinity":22,"f:74:39:74:54":4,"s:74:54:74:71":23,"f:80:42:80:57":5,"s:80:57:80:79":24,"f:85:36:85:51":6,"s:85:51:85:73":25,"b:92:16:94:17:94:16:101:13":8,"f:120:16:120:27":7,"s:120:33:120:84":26,"f:134:69:134:80":8,"s:134:86:134:139":27,"f:139:61:139:72":9,"s:139:78:139:136":28,"f:144:60:144:71":10,"s:144:77:144:134":29,"f:149:57:149:68":11,"s:149:74:149:128":30,"f:160:18:160:29":12,"s:160:35:160:82":31,"b:179:80:179:91:179:91:179:95":9,"f:179:95:179:110":13,"s:179:110:179:138":32,"b:180:79:180:90:180:90:180:94":10,"f:180:94:180:109":14,"s:180:109:180:136":33,"f:186:62:186:73":15,"s:186:79:186:138":34,"b:191:87:191:103:191:103:191:Infinity":11,"b:196:66:196:77:196:77:196:Infinity":12,"f:197:18:197:33":16,"s:197:33:197:83":35,"b:204:69:204:80:204:80:204:Infinity":13,"f:205:18:205:33":17,"s:205:33:205:86":36,"b:212:69:212:80:212:80:212:Infinity":14,"f:213:18:213:33":18,"s:213:33:213:86":37,"f:221:61:221:76":19,"s:221:76:221:98":38}}}
,"E:\\MPP\\FetchBack\\src\\App.css": {"path":"E:\\MPP\\FetchBack\\src\\App.css","statementMap":{},"fnMap":{},"branchMap":{},"s":{},"f":{},"b":{},"meta":{"lastBranch":0,"lastFunction":0,"lastStatement":0,"seen":{}}}
,"E:\\MPP\\FetchBack\\src\\App.jsx": {"path":"E:\\MPP\\FetchBack\\src\\App.jsx","statementMap":{"0":{"start":{"line":16,"column":15},"end":{"line":16,"column":38}},"1":{"start":{"line":17,"column":16},"end":{"line":17,"column":69}},"2":{"start":{"line":18,"column":17},"end":{"line":18,"column":46}},"3":{"start":{"line":19,"column":20},"end":{"line":19,"column":50}},"4":{"start":{"line":20,"column":20},"end":{"line":20,"column":50}},"5":{"start":{"line":22,"column":22},"end":{"line":22,"column":51}},"6":{"start":{"line":23,"column":19},"end":{"line":23,"column":46}},"7":{"start":{"line":24,"column":16},"end":{"line":24,"column":null}},"8":{"start":{"line":25,"column":21},"end":{"line":25,"column":49}},"9":{"start":{"line":28,"column":8},"end":{"line":38,"column":null}},"10":{"start":{"line":29,"column":4},"end":{"line":38,"column":null}},"11":{"start":{"line":30,"column":24},"end":{"line":30,"column":39}},"12":{"start":{"line":33,"column":10},"end":{"line":33,"column":null}},"13":{"start":{"line":34,"column":10},"end":{"line":34,"column":null}},"14":{"start":{"line":35,"column":10},"end":{"line":35,"column":null}},"15":{"start":{"line":36,"column":10},"end":{"line":36,"column":null}},"16":{"start":{"line":38,"column":22},"end":{"line":38,"column":66}},"17":{"start":{"line":41,"column":2},"end":{"line":43,"column":null}},"18":{"start":{"line":42,"column":4},"end":{"line":42,"column":null}},"19":{"start":{"line":45,"column":8},"end":{"line":80,"column":null}},"20":{"start":{"line":46,"column":19},"end":{"line":57,"column":null}},"21":{"start":{"line":60,"column":4},"end":{"line":80,"column":null}},"22":{"start":{"line":68,"column":19},"end":{"line":68,"column":40}},"23":{"start":{"line":69,"column":6},"end":{"line":71,"column":null}},"24":{"start":{"line":70,"column":8},"end":{"line":70,"column":null}},"25":{"start":{"line":71,"column":8},"end":{"line":71,"column":null}},"26":{"start":{"line":73,"column":6},"end":{"line":73,"column":null}},"27":{"start":{"line":76,"column":6},"end":{"line":76,"column":null}},"28":{"start":{"line":77,"column":6},"end":{"line":77,"column":null}},"29":{"start":{"line":78,"column":6},"end":{"line":78,"column":null}},"30":{"start":{"line":80,"column":20},"end":{"line":80,"column":61}},"31":{"start":{"line":86,"column":8},"end":{"line":109,"column":null}},"32":{"start":{"line":88,"column":4},"end":{"line":109,"column":null}},"33":{"start":{"line":97,"column":19},"end":{"line":97,"column":40}},"34":{"start":{"line":98,"column":6},"end":{"line":100,"column":null}},"35":{"start":{"line":99,"column":8},"end":{"line":99,"column":null}},"36":{"start":{"line":100,"column":8},"end":{"line":100,"column":null}},"37":{"start":{"line":102,"column":6},"end":{"line":102,"column":null}},"38":{"start":{"line":105,"column":6},"end":{"line":105,"column":null}},"39":{"start":{"line":106,"column":6},"end":{"line":106,"column":null}},"40":{"start":{"line":107,"column":6},"end":{"line":107,"column":null}},"41":{"start":{"line":109,"column":20},"end":{"line":109,"column":63}},"42":{"start":{"line":117,"column":8},"end":{"line":132,"column":null}},"43":{"start":{"line":119,"column":4},"end":{"line":132,"column":null}},"44":{"start":{"line":123,"column":19},"end":{"line":123,"column":40}},"45":{"start":{"line":124,"column":6},"end":{"line":126,"column":null}},"46":{"start":{"line":125,"column":8},"end":{"line":125,"column":null}},"47":{"start":{"line":126,"column":8},"end":{"line":126,"column":null}},"48":{"start":{"line":128,"column":6},"end":{"line":128,"column":null}},"49":{"start":{"line":129,"column":6},"end":{"line":129,"column":null}},"50":{"start":{"line":130,"column":6},"end":{"line":130,"column":null}},"51":{"start":{"line":132,"column":20},"end":{"line":132,"column":63}},"52":{"start":{"line":139,"column":2},"end":{"line":191,"column":null}},"53":{"start":{"line":186,"column":36},"end":{"line":186,"column":null}}},"fnMap":{"0":{"name":"App","decl":{"start":{"line":13,"column":9},"end":{"line":13,"column":15}},"loc":{"start":{"line":13,"column":15},"end":{"line":191,"column":null}},"line":13},"1":{"name":"(anonymous_1)","decl":{"start":{"line":28,"column":8},"end":{"line":28,"column":28}},"loc":{"start":{"line":28,"column":28},"end":{"line":38,"column":null}},"line":28},"2":{"name":"(anonymous_2)","decl":{"start":{"line":30,"column":7},"end":{"line":30,"column":12}},"loc":{"start":{"line":30,"column":24},"end":{"line":30,"column":39}},"line":30},"3":{"name":"(anonymous_3)","decl":{"start":{"line":31,"column":7},"end":{"line":31,"column":12}},"loc":{"start":{"line":32,"column":8},"end":{"line":37,"column":null}},"line":32},"4":{"name":"(anonymous_4)","decl":{"start":{"line":38,"column":7},"end":{"line":38,"column":13}},"loc":{"start":{"line":38,"column":22},"end":{"line":38,"column":66}},"line":38},"5":{"name":"(anonymous_5)","decl":{"start":{"line":41,"column":2},"end":{"line":41,"column":18}},"loc":{"start":{"line":41,"column":18},"end":{"line":43,"column":6}},"line":41},"6":{"name":"(anonymous_6)","decl":{"start":{"line":45,"column":8},"end":{"line":45,"column":24}},"loc":{"start":{"line":45,"column":39},"end":{"line":80,"column":null}},"line":45},"7":{"name":"(anonymous_7)","decl":{"start":{"line":67,"column":10},"end":{"line":67,"column":17}},"loc":{"start":{"line":67,"column":30},"end":{"line":74,"column":null}},"line":67},"8":{"name":"(anonymous_8)","decl":{"start":{"line":75,"column":5},"end":{"line":75,"column":10}},"loc":{"start":{"line":75,"column":22},"end":{"line":79,"column":null}},"line":75},"9":{"name":"(anonymous_9)","decl":{"start":{"line":80,"column":5},"end":{"line":80,"column":11}},"loc":{"start":{"line":80,"column":20},"end":{"line":80,"column":61}},"line":80},"10":{"name":"(anonymous_10)","decl":{"start":{"line":86,"column":8},"end":{"line":86,"column":27}},"loc":{"start":{"line":86,"column":46},"end":{"line":109,"column":null}},"line":86},"11":{"name":"(anonymous_11)","decl":{"start":{"line":96,"column":10},"end":{"line":96,"column":17}},"loc":{"start":{"line":96,"column":30},"end":{"line":103,"column":null}},"line":96},"12":{"name":"(anonymous_12)","decl":{"start":{"line":104,"column":5},"end":{"line":104,"column":10}},"loc":{"start":{"line":104,"column":24},"end":{"line":108,"column":null}},"line":104},"13":{"name":"(anonymous_13)","decl":{"start":{"line":109,"column":5},"end":{"line":109,"column":11}},"loc":{"start":{"line":109,"column":20},"end":{"line":109,"column":63}},"line":109},"14":{"name":"(anonymous_14)","decl":{"start":{"line":117,"column":8},"end":{"line":117,"column":27}},"loc":{"start":{"line":117,"column":42},"end":{"line":132,"column":null}},"line":117},"15":{"name":"(anonymous_15)","decl":{"start":{"line":122,"column":10},"end":{"line":122,"column":17}},"loc":{"start":{"line":122,"column":30},"end":{"line":131,"column":null}},"line":122},"16":{"name":"(anonymous_16)","decl":{"start":{"line":132,"column":5},"end":{"line":132,"column":11}},"loc":{"start":{"line":132,"column":20},"end":{"line":132,"column":63}},"line":132},"17":{"name":"(anonymous_17)","decl":{"start":{"line":186,"column":26},"end":{"line":186,"column":31}},"loc":{"start":{"line":186,"column":36},"end":{"line":186,"column":null}},"line":186}},"branchMap":{"0":{"loc":{"start":{"line":34,"column":18},"end":{"line":34,"column":35}},"type":"binary-expr","locations":[{"start":{"line":34,"column":18},"end":{"line":34,"column":33}},{"start":{"line":34,"column":33},"end":{"line":34,"column":35}}],"line":34},"1":{"loc":{"start":{"line":35,"column":23},"end":{"line":35,"column":41}},"type":"binary-expr","locations":[{"start":{"line":35,"column":23},"end":{"line":35,"column":39}},{"start":{"line":35,"column":39},"end":{"line":35,"column":41}}],"line":35},"2":{"loc":{"start":{"line":36,"column":34},"end":{"line":36,"column":60}},"type":"binary-expr","locations":[{"start":{"line":36,"column":34},"end":{"line":36,"column":57}},{"start":{"line":36,"column":57},"end":{"line":36,"column":60}}],"line":36},"3":{"loc":{"start":{"line":36,"column":71},"end":{"line":36,"column":93}},"type":"binary-expr","locations":[{"start":{"line":36,"column":71},"end":{"line":36,"column":91}},{"start":{"line":36,"column":91},"end":{"line":36,"column":93}}],"line":36},"4":{"loc":{"start":{"line":69,"column":6},"end":{"line":71,"column":null}},"type":"if","locations":[{"start":{"line":69,"column":6},"end":{"line":71,"column":null}},{"start":{},"end":{}}],"line":69},"5":{"loc":{"start":{"line":70,"column":24},"end":{"line":70,"column":56}},"type":"binary-expr","locations":[{"start":{"line":70,"column":24},"end":{"line":70,"column":38}},{"start":{"line":70,"column":38},"end":{"line":70,"column":56}}],"line":70},"6":{"loc":{"start":{"line":71,"column":24},"end":{"line":71,"column":58}},"type":"binary-expr","locations":[{"start":{"line":71,"column":24},"end":{"line":71,"column":38}},{"start":{"line":71,"column":38},"end":{"line":71,"column":58}}],"line":71},"7":{"loc":{"start":{"line":98,"column":6},"end":{"line":100,"column":null}},"type":"if","locations":[{"start":{"line":98,"column":6},"end":{"line":100,"column":null}},{"start":{},"end":{}}],"line":98},"8":{"loc":{"start":{"line":99,"column":37},"end":{"line":99,"column":69}},"type":"binary-expr","locations":[{"start":{"line":99,"column":37},"end":{"line":99,"column":51}},{"start":{"line":99,"column":51},"end":{"line":99,"column":69}}],"line":99},"9":{"loc":{"start":{"line":124,"column":6},"end":{"line":126,"column":null}},"type":"if","locations":[{"start":{"line":124,"column":6},"end":{"line":126,"column":null}},{"start":{},"end":{}}],"line":124},"10":{"loc":{"start":{"line":125,"column":37},"end":{"line":125,"column":76}},"type":"binary-expr","locations":[{"start":{"line":125,"column":37},"end":{"line":125,"column":51}},{"start":{"line":125,"column":51},"end":{"line":125,"column":76}}],"line":125},"11":{"loc":{"start":{"line":141,"column":7},"end":{"line":145,"column":null}},"type":"binary-expr","locations":[{"start":{"line":141,"column":7},"end":{"line":141,"column":null}},{"start":{"line":142,"column":8},"end":{"line":145,"column":null}}],"line":141},"12":{"loc":{"start":{"line":148,"column":7},"end":{"line":153,"column":null}},"type":"binary-expr","locations":[{"start":{"line":148,"column":7},"end":{"line":148,"column":null}},{"start":{"line":149,"column":8},"end":{"line":153,"column":null}}],"line":148},"13":{"loc":{"start":{"line":156,"column":7},"end":{"line":161,"column":null}},"type":"binary-expr","locations":[{"start":{"line":156,"column":7},"end":{"line":156,"column":null}},{"start":{"line":157,"column":8},"end":{"line":161,"column":null}}],"line":156},"14":{"loc":{"start":{"line":164,"column":7},"end":{"line":174,"column":null}},"type":"binary-expr","locations":[{"start":{"line":164,"column":7},"end":{"line":164,"column":null}},{"start":{"line":165,"column":8},"end":{"line":174,"column":null}}],"line":164},"15":{"loc":{"start":{"line":171,"column":22},"end":{"line":171,"column":null}},"type":"binary-expr","locations":[{"start":{"line":171,"column":22},"end":{"line":171,"column":36}},{"start":{"line":171,"column":36},"end":{"line":171,"column":null}}],"line":171},"16":{"loc":{"start":{"line":177,"column":7},"end":{"line":178,"column":null}},"type":"binary-expr","locations":[{"start":{"line":177,"column":7},"end":{"line":177,"column":null}},{"start":{"line":178,"column":8},"end":{"line":178,"column":null}}],"line":177},"17":{"loc":{"start":{"line":181,"column":7},"end":{"line":187,"column":null}},"type":"binary-expr","locations":[{"start":{"line":181,"column":7},"end":{"line":181,"column":null}},{"start":{"line":182,"column":8},"end":{"line":187,"column":null}}],"line":181},"18":{"loc":{"start":{"line":190,"column":7},"end":{"line":191,"column":null}},"type":"binary-expr","locations":[{"start":{"line":190,"column":7},"end":{"line":190,"column":null}},{"start":{"line":191,"column":8},"end":{"line":191,"column":null}}],"line":190}},"s":{"0":24,"1":24,"2":24,"3":24,"4":24,"5":24,"6":24,"7":24,"8":24,"9":24,"10":8,"11":8,"12":8,"13":8,"14":8,"15":8,"16":0,"17":24,"18":5,"19":24,"20":1,"21":1,"22":1,"23":1,"24":0,"25":0,"26":1,"27":1,"28":1,"29":1,"30":0,"31":24,"32":1,"33":1,"34":1,"35":0,"36":0,"37":1,"38":1,"39":1,"40":1,"41":0,"42":24,"43":1,"44":1,"45":1,"46":0,"47":0,"48":1,"49":1,"50":1,"51":0,"52":24,"53":1},"f":{"0":24,"1":8,"2":8,"3":8,"4":0,"5":5,"6":1,"7":1,"8":1,"9":0,"10":1,"11":1,"12":1,"13":0,"14":1,"15":1,"16":0,"17":1},"b":{"0":[8,0],"1":[8,3],"2":[8,4],"3":[8,7],"4":[0,1],"5":[0,0],"6":[0,0],"7":[0,1],"8":[0,0],"9":[0,1],"10":[0,0],"11":[24,10],"12":[24,0],"13":[24,0],"14":[24,10],"15":[10,3],"16":[24,2],"17":[24,1],"18":[24,1]},"meta":{"lastBranch":19,"lastFunction":18,"lastStatement":54,"seen":{"f:13:9:13:15":0,"s:16:15:16:38":0,"s:17:16:17:69":1,"s:18:17:18:46":2,"s:19:20:19:50":3,"s:20:20:20:50":4,"s:22:22:22:51":5,"s:23:19:23:46":6,"s:24:16:24:Infinity":7,"s:25:21:25:49":8,"s:28:8:38:Infinity":9,"f:28:8:28:28":1,"s:29:4:38:Infinity":10,"f:30:7:30:12":2,"s:30:24:30:39":11,"f:31:7:31:12":3,"s:33:10:33:Infinity":12,"s:34:10:34:Infinity":13,"b:34:18:34:33:34:33:34:35":0,"s:35:10:35:Infinity":14,"b:35:23:35:39:35:39:35:41":1,"s:36:10:36:Infinity":15,"b:36:34:36:57:36:57:36:60":2,"b:36:71:36:91:36:91:36:93":3,"f:38:7:38:13":4,"s:38:22:38:66":16,"s:41:2:43:Infinity":17,"f:41:2:41:18":5,"s:42:4:42:Infinity":18,"s:45:8:80:Infinity":19,"f:45:8:45:24":6,"s:46:19:57:Infinity":20,"s:60:4:80:Infinity":21,"f:67:10:67:17":7,"s:68:19:68:40":22,"b:69:6:71:Infinity:undefined:undefined:undefined:undefined":4,"s:69:6:71:Infinity":23,"s:70:8:70:Infinity":24,"b:70:24:70:38:70:38:70:56":5,"s:71:8:71:Infinity":25,"b:71:24:71:38:71:38:71:58":6,"s:73:6:73:Infinity":26,"f:75:5:75:10":8,"s:76:6:76:Infinity":27,"s:77:6:77:Infinity":28,"s:78:6:78:Infinity":29,"f:80:5:80:11":9,"s:80:20:80:61":30,"s:86:8:109:Infinity":31,"f:86:8:86:27":10,"s:88:4:109:Infinity":32,"f:96:10:96:17":11,"s:97:19:97:40":33,"b:98:6:100:Infinity:undefined:undefined:undefined:undefined":7,"s:98:6:100:Infinity":34,"s:99:8:99:Infinity":35,"b:99:37:99:51:99:51:99:69":8,"s:100:8:100:Infinity":36,"s:102:6:102:Infinity":37,"f:104:5:104:10":12,"s:105:6:105:Infinity":38,"s:106:6:106:Infinity":39,"s:107:6:107:Infinity":40,"f:109:5:109:11":13,"s:109:20:109:63":41,"s:117:8:132:Infinity":42,"f:117:8:117:27":14,"s:119:4:132:Infinity":43,"f:122:10:122:17":15,"s:123:19:123:40":44,"b:124:6:126:Infinity:undefined:undefined:undefined:undefined":9,"s:124:6:126:Infinity":45,"s:125:8:125:Infinity":46,"b:125:37:125:51:125:51:125:76":10,"s:126:8:126:Infinity":47,"s:128:6:128:Infinity":48,"s:129:6:129:Infinity":49,"s:130:6:130:Infinity":50,"f:132:5:132:11":16,"s:132:20:132:63":51,"s:139:2:191:Infinity":52,"b:141:7:141:Infinity:142:8:145:Infinity":11,"b:148:7:148:Infinity:149:8:153:Infinity":12,"b:156:7:156:Infinity:157:8:161:Infinity":13,"b:164:7:164:Infinity:165:8:174:Infinity":14,"b:171:22:171:36:171:36:171:Infinity":15,"b:177:7:177:Infinity:178:8:178:Infinity":16,"b:181:7:181:Infinity:182:8:187:Infinity":17,"f:186:26:186:31":17,"s:186:36:186:Infinity":53,"b:190:7:190:Infinity:191:8:191:Infinity":18}}}
,"E:\\MPP\\FetchBack\\src\\DeletePet.css": {"path":"E:\\MPP\\FetchBack\\src\\DeletePet.css","statementMap":{},"fnMap":{},"branchMap":{},"s":{},"f":{},"b":{},"meta":{"lastBranch":0,"lastFunction":0,"lastStatement":0,"seen":{}}}
,"E:\\MPP\\FetchBack\\src\\DeletePet.jsx": {"path":"E:\\MPP\\FetchBack\\src\\DeletePet.jsx","statementMap":{"0":{"start":{"line":6,"column":14},"end":{"line":6,"column":48}},"1":{"start":{"line":6,"column":29},"end":{"line":6,"column":48}},"2":{"start":{"line":8,"column":2},"end":{"line":9,"column":null}},"3":{"start":{"line":9,"column":4},"end":{"line":9,"column":null}},"4":{"start":{"line":9,"column":79},"end":{"line":9,"column":101}},"5":{"start":{"line":12,"column":2},"end":{"line":56,"column":null}},"6":{"start":{"line":15,"column":54},"end":{"line":15,"column":71}},"7":{"start":{"line":39,"column":31},"end":{"line":39,"column":53}},"8":{"start":{"line":48,"column":16},"end":{"line":48,"column":null}},"9":{"start":{"line":49,"column":16},"end":{"line":49,"column":null}}},"fnMap":{"0":{"name":"DeletePet","decl":{"start":{"line":5,"column":9},"end":{"line":5,"column":19}},"loc":{"start":{"line":5,"column":65},"end":{"line":56,"column":null}},"line":5},"1":{"name":"(anonymous_1)","decl":{"start":{"line":6,"column":19},"end":{"line":6,"column":24}},"loc":{"start":{"line":6,"column":29},"end":{"line":6,"column":48}},"line":6},"2":{"name":"(anonymous_2)","decl":{"start":{"line":9,"column":64},"end":{"line":9,"column":79}},"loc":{"start":{"line":9,"column":79},"end":{"line":9,"column":101}},"line":9},"3":{"name":"(anonymous_3)","decl":{"start":{"line":15,"column":39},"end":{"line":15,"column":54}},"loc":{"start":{"line":15,"column":54},"end":{"line":15,"column":71}},"line":15},"4":{"name":"(anonymous_4)","decl":{"start":{"line":39,"column":16},"end":{"line":39,"column":31}},"loc":{"start":{"line":39,"column":31},"end":{"line":39,"column":53}},"line":39},"5":{"name":"(anonymous_5)","decl":{"start":{"line":47,"column":16},"end":{"line":47,"column":31}},"loc":{"start":{"line":47,"column":31},"end":{"line":49,"column":null}},"line":47}},"branchMap":{"0":{"loc":{"start":{"line":8,"column":2},"end":{"line":9,"column":null}},"type":"if","locations":[{"start":{"line":8,"column":2},"end":{"line":9,"column":null}},{"start":{},"end":{}}],"line":8}},"s":{"0":1,"1":1,"2":1,"3":0,"4":0,"5":1,"6":0,"7":0,"8":1,"9":1},"f":{"0":1,"1":1,"2":0,"3":0,"4":0,"5":1},"b":{"0":[0,1]},"meta":{"lastBranch":1,"lastFunction":6,"lastStatement":10,"seen":{"f:5:9:5:19":0,"s:6:14:6:48":0,"f:6:19:6:24":1,"s:6:29:6:48":1,"b:8:2:9:Infinity:undefined:undefined:undefined:undefined":0,"s:8:2:9:Infinity":2,"s:9:4:9:Infinity":3,"f:9:64:9:79":2,"s:9:79:9:101":4,"s:12:2:56:Infinity":5,"f:15:39:15:54":3,"s:15:54:15:71":6,"f:39:16:39:31":4,"s:39:31:39:53":7,"f:47:16:47:31":5,"s:48:16:48:Infinity":8,"s:49:16:49:Infinity":9}}}
,"E:\\MPP\\FetchBack\\src\\Home.css": {"path":"E:\\MPP\\FetchBack\\src\\Home.css","statementMap":{},"fnMap":{},"branchMap":{},"s":{},"f":{},"b":{},"meta":{"lastBranch":0,"lastFunction":0,"lastStatement":0,"seen":{}}}
,"E:\\MPP\\FetchBack\\src\\Home.jsx": {"path":"E:\\MPP\\FetchBack\\src\\Home.jsx","statementMap":{"0":{"start":{"line":6,"column":8},"end":{"line":105,"column":null}},"1":{"start":{"line":10,"column":58},"end":{"line":10,"column":75}},"2":{"start":{"line":16,"column":87},"end":{"line":16,"column":109}},"3":{"start":{"line":21,"column":63},"end":{"line":21,"column":85}},"4":{"start":{"line":76,"column":20},"end":{"line":97,"column":null}},"5":{"start":{"line":78,"column":36},"end":{"line":78,"column":null}},"6":{"start":{"line":79,"column":36},"end":{"line":79,"column":null}},"7":{"start":{"line":102,"column":90},"end":{"line":102,"column":112}}},"fnMap":{"0":{"name":"Home","decl":{"start":{"line":5,"column":9},"end":{"line":5,"column":14}},"loc":{"start":{"line":5,"column":49},"end":{"line":105,"column":null}},"line":5},"1":{"name":"(anonymous_1)","decl":{"start":{"line":10,"column":43},"end":{"line":10,"column":58}},"loc":{"start":{"line":10,"column":58},"end":{"line":10,"column":75}},"line":10},"2":{"name":"(anonymous_2)","decl":{"start":{"line":16,"column":72},"end":{"line":16,"column":87}},"loc":{"start":{"line":16,"column":87},"end":{"line":16,"column":109}},"line":16},"3":{"name":"(anonymous_3)","decl":{"start":{"line":21,"column":48},"end":{"line":21,"column":63}},"loc":{"start":{"line":21,"column":63},"end":{"line":21,"column":85}},"line":21},"4":{"name":"(anonymous_4)","decl":{"start":{"line":75,"column":34},"end":{"line":75,"column":38}},"loc":{"start":{"line":76,"column":20},"end":{"line":97,"column":null}},"line":76},"5":{"name":"(anonymous_5)","decl":{"start":{"line":77,"column":20},"end":{"line":77,"column":35}},"loc":{"start":{"line":77,"column":35},"end":{"line":79,"column":null}},"line":77},"6":{"name":"(anonymous_6)","decl":{"start":{"line":102,"column":75},"end":{"line":102,"column":90}},"loc":{"start":{"line":102,"column":90},"end":{"line":102,"column":112}},"line":102}},"branchMap":{"0":{"loc":{"start":{"line":87,"column":24},"end":{"line":94,"column":null}},"type":"cond-expr","locations":[{"start":{"line":88,"column":28},"end":{"line":94,"column":29}},{"start":{"line":94,"column":28},"end":{"line":94,"column":null}}],"line":87}},"s":{"0":10,"1":0,"2":0,"3":5,"4":3,"5":0,"6":0,"7":0},"f":{"0":10,"1":0,"2":0,"3":5,"4":3,"5":0,"6":0},"b":{"0":[0,3]},"meta":{"lastBranch":1,"lastFunction":7,"lastStatement":8,"seen":{"f:5:9:5:14":0,"s:6:8:105:Infinity":0,"f:10:43:10:58":1,"s:10:58:10:75":1,"f:16:72:16:87":2,"s:16:87:16:109":2,"f:21:48:21:63":3,"s:21:63:21:85":3,"f:75:34:75:38":4,"s:76:20:97:Infinity":4,"f:77:20:77:35":5,"s:78:36:78:Infinity":5,"s:79:36:79:Infinity":6,"b:88:28:94:29:94:28:94:Infinity":0,"f:102:75:102:90":6,"s:102:90:102:112":7}}}
,"E:\\MPP\\FetchBack\\src\\LostPets.css": {"path":"E:\\MPP\\FetchBack\\src\\LostPets.css","statementMap":{},"fnMap":{},"branchMap":{},"s":{},"f":{},"b":{},"meta":{"lastBranch":0,"lastFunction":0,"lastStatement":0,"seen":{}}}
,"E:\\MPP\\FetchBack\\src\\LostPets.jsx": {"path":"E:\\MPP\\FetchBack\\src\\LostPets.jsx","statementMap":{"0":{"start":{"line":6,"column":21},"end":{"line":6,"column":50}},"1":{"start":{"line":8,"column":23},"end":{"line":15,"column":null}},"2":{"start":{"line":9,"column":19},"end":{"line":9,"column":43}},"3":{"start":{"line":10,"column":10},"end":{"line":10,"column":75}},"4":{"start":{"line":11,"column":10},"end":{"line":11,"column":71}},"5":{"start":{"line":12,"column":10},"end":{"line":12,"column":76}},"6":{"start":{"line":14,"column":4},"end":{"line":14,"column":null}},"7":{"start":{"line":17,"column":2},"end":{"line":90,"column":null}},"8":{"start":{"line":20,"column":54},"end":{"line":20,"column":71}},"9":{"start":{"line":26,"column":52},"end":{"line":26,"column":69}},"10":{"start":{"line":27,"column":52},"end":{"line":27,"column":74}},"11":{"start":{"line":39,"column":31},"end":{"line":39,"column":60}},"12":{"start":{"line":54,"column":35},"end":{"line":56,"column":null}},"13":{"start":{"line":58,"column":14},"end":{"line":80,"column":null}},"14":{"start":{"line":60,"column":18},"end":{"line":60,"column":null}},"15":{"start":{"line":61,"column":18},"end":{"line":61,"column":null}}},"fnMap":{"0":{"name":"LostPets","decl":{"start":{"line":5,"column":9},"end":{"line":5,"column":18}},"loc":{"start":{"line":5,"column":53},"end":{"line":90,"column":null}},"line":5},"1":{"name":"(anonymous_1)","decl":{"start":{"line":8,"column":28},"end":{"line":8,"column":35}},"loc":{"start":{"line":8,"column":42},"end":{"line":15,"column":null}},"line":8},"2":{"name":"(anonymous_2)","decl":{"start":{"line":20,"column":39},"end":{"line":20,"column":54}},"loc":{"start":{"line":20,"column":54},"end":{"line":20,"column":71}},"line":20},"3":{"name":"(anonymous_3)","decl":{"start":{"line":26,"column":37},"end":{"line":26,"column":52}},"loc":{"start":{"line":26,"column":52},"end":{"line":26,"column":69}},"line":26},"4":{"name":"(anonymous_4)","decl":{"start":{"line":27,"column":37},"end":{"line":27,"column":52}},"loc":{"start":{"line":27,"column":52},"end":{"line":27,"column":74}},"line":27},"5":{"name":"(anonymous_5)","decl":{"start":{"line":39,"column":14},"end":{"line":39,"column":25}},"loc":{"start":{"line":39,"column":31},"end":{"line":39,"column":60}},"line":39},"6":{"name":"(anonymous_6)","decl":{"start":{"line":52,"column":25},"end":{"line":52,"column":29}},"loc":{"start":{"line":52,"column":36},"end":{"line":82,"column":null}},"line":52},"7":{"name":"(anonymous_7)","decl":{"start":{"line":59,"column":59},"end":{"line":59,"column":74}},"loc":{"start":{"line":59,"column":74},"end":{"line":61,"column":null}},"line":59}},"branchMap":{"0":{"loc":{"start":{"line":10,"column":26},"end":{"line":10,"column":45}},"type":"binary-expr","locations":[{"start":{"line":10,"column":26},"end":{"line":10,"column":41}},{"start":{"line":10,"column":41},"end":{"line":10,"column":45}}],"line":10},"1":{"loc":{"start":{"line":11,"column":24},"end":{"line":11,"column":41}},"type":"binary-expr","locations":[{"start":{"line":11,"column":24},"end":{"line":11,"column":37}},{"start":{"line":11,"column":37},"end":{"line":11,"column":41}}],"line":11},"2":{"loc":{"start":{"line":12,"column":24},"end":{"line":12,"column":46}},"type":"binary-expr","locations":[{"start":{"line":12,"column":24},"end":{"line":12,"column":42}},{"start":{"line":12,"column":42},"end":{"line":12,"column":46}}],"line":12},"3":{"loc":{"start":{"line":14,"column":11},"end":{"line":14,"column":null}},"type":"binary-expr","locations":[{"start":{"line":14,"column":11},"end":{"line":14,"column":27}},{"start":{"line":14,"column":27},"end":{"line":14,"column":41}},{"start":{"line":14,"column":41},"end":{"line":14,"column":null}}],"line":14},"4":{"loc":{"start":{"line":51,"column":11},"end":{"line":84,"column":null}},"type":"cond-expr","locations":[{"start":{"line":52,"column":12},"end":{"line":82,"column":null}},{"start":{"line":84,"column":12},"end":{"line":84,"column":null}}],"line":51},"5":{"loc":{"start":{"line":54,"column":35},"end":{"line":56,"column":null}},"type":"cond-expr","locations":[{"start":{"line":55,"column":18},"end":{"line":55,"column":53}},{"start":{"line":56,"column":18},"end":{"line":56,"column":null}}],"line":54},"6":{"loc":{"start":{"line":64,"column":30},"end":{"line":64,"column":62}},"type":"binary-expr","locations":[{"start":{"line":64,"column":30},"end":{"line":64,"column":43}},{"start":{"line":64,"column":43},"end":{"line":64,"column":62}}],"line":64},"7":{"loc":{"start":{"line":64,"column":67},"end":{"line":64,"column":91}},"type":"binary-expr","locations":[{"start":{"line":64,"column":67},"end":{"line":64,"column":82}},{"start":{"line":64,"column":82},"end":{"line":64,"column":91}}],"line":64},"8":{"loc":{"start":{"line":68,"column":25},"end":{"line":68,"column":50}},"type":"binary-expr","locations":[{"start":{"line":68,"column":25},"end":{"line":68,"column":40}},{"start":{"line":68,"column":40},"end":{"line":68,"column":50}}],"line":68},"9":{"loc":{"start":{"line":68,"column":54},"end":{"line":68,"column":86}},"type":"binary-expr","locations":[{"start":{"line":68,"column":54},"end":{"line":68,"column":67}},{"start":{"line":68,"column":67},"end":{"line":68,"column":86}}],"line":68},"10":{"loc":{"start":{"line":69,"column":49},"end":{"line":69,"column":77}},"type":"binary-expr","locations":[{"start":{"line":69,"column":49},"end":{"line":69,"column":67}},{"start":{"line":69,"column":67},"end":{"line":69,"column":77}}],"line":69},"11":{"loc":{"start":{"line":69,"column":104},"end":{"line":69,"column":135}},"type":"binary-expr","locations":[{"start":{"line":69,"column":104},"end":{"line":69,"column":121}},{"start":{"line":69,"column":121},"end":{"line":69,"column":135}}],"line":69},"12":{"loc":{"start":{"line":70,"column":46},"end":{"line":70,"column":67}},"type":"binary-expr","locations":[{"start":{"line":70,"column":46},"end":{"line":70,"column":57}},{"start":{"line":70,"column":57},"end":{"line":70,"column":67}}],"line":70},"13":{"loc":{"start":{"line":70,"column":99},"end":{"line":70,"column":130}},"type":"binary-expr","locations":[{"start":{"line":70,"column":99},"end":{"line":70,"column":116}},{"start":{"line":70,"column":116},"end":{"line":70,"column":130}}],"line":70}},"s":{"0":0,"1":0,"2":0,"3":0,"4":0,"5":0,"6":0,"7":0,"8":0,"9":0,"10":0,"11":0,"12":0,"13":0,"14":0,"15":0},"f":{"0":0,"1":0,"2":0,"3":0,"4":0,"5":0,"6":0,"7":0},"b":{"0":[0,0],"1":[0,0],"2":[0,0],"3":[0,0,0],"4":[0,0],"5":[0,0],"6":[0,0],"7":[0,0],"8":[0,0],"9":[0,0],"10":[0,0],"11":[0,0],"12":[0,0],"13":[0,0]},"meta":{"lastBranch":14,"lastFunction":8,"lastStatement":16,"seen":{"f:5:9:5:18":0,"s:6:21:6:50":0,"s:8:23:15:Infinity":1,"f:8:28:8:35":1,"s:9:19:9:43":2,"s:10:10:10:75":3,"b:10:26:10:41:10:41:10:45":0,"s:11:10:11:71":4,"b:11:24:11:37:11:37:11:41":1,"s:12:10:12:76":5,"b:12:24:12:42:12:42:12:46":2,"s:14:4:14:Infinity":6,"b:14:11:14:27:14:27:14:41:14:41:14:Infinity":3,"s:17:2:90:Infinity":7,"f:20:39:20:54":2,"s:20:54:20:71":8,"f:26:37:26:52":3,"s:26:52:26:69":9,"f:27:37:27:52":4,"s:27:52:27:74":10,"f:39:14:39:25":5,"s:39:31:39:60":11,"b:52:12:82:Infinity:84:12:84:Infinity":4,"f:52:25:52:29":6,"s:54:35:56:Infinity":12,"b:55:18:55:53:56:18:56:Infinity":5,"s:58:14:80:Infinity":13,"f:59:59:59:74":7,"s:60:18:60:Infinity":14,"s:61:18:61:Infinity":15,"b:64:30:64:43:64:43:64:62":6,"b:64:67:64:82:64:82:64:91":7,"b:68:25:68:40:68:40:68:50":8,"b:68:54:68:67:68:67:68:86":9,"b:69:49:69:67:69:67:69:77":10,"b:69:104:69:121:69:121:69:135":11,"b:70:46:70:57:70:57:70:67":12,"b:70:99:70:116:70:116:70:130":13}}}
,"E:\\MPP\\FetchBack\\src\\PetDetails.css": {"path":"E:\\MPP\\FetchBack\\src\\PetDetails.css","statementMap":{},"fnMap":{},"branchMap":{},"s":{},"f":{},"b":{},"meta":{"lastBranch":0,"lastFunction":0,"lastStatement":0,"seen":{}}}
,"E:\\MPP\\FetchBack\\src\\PetDetails.jsx": {"path":"E:\\MPP\\FetchBack\\src\\PetDetails.jsx","statementMap":{"0":{"start":{"line":7,"column":22},"end":{"line":7,"column":53}},"1":{"start":{"line":9,"column":16},"end":{"line":9,"column":50}},"2":{"start":{"line":9,"column":31},"end":{"line":9,"column":50}},"3":{"start":{"line":11,"column":4},"end":{"line":15,"column":null}},"4":{"start":{"line":12,"column":8},"end":{"line":15,"column":null}},"5":{"start":{"line":15,"column":62},"end":{"line":15,"column":79}},"6":{"start":{"line":20,"column":10},"end":{"line":22,"column":null}},"7":{"start":{"line":21,"column":22},"end":{"line":21,"column":65}},"8":{"start":{"line":22,"column":8},"end":{"line":22,"column":null}},"9":{"start":{"line":25,"column":4},"end":{"line":113,"column":null}},"10":{"start":{"line":28,"column":62},"end":{"line":28,"column":79}},"11":{"start":{"line":34,"column":62},"end":{"line":34,"column":79}},"12":{"start":{"line":35,"column":67},"end":{"line":35,"column":89}},"13":{"start":{"line":40,"column":59},"end":{"line":40,"column":76}},"14":{"start":{"line":79,"column":73},"end":{"line":79,"column":91}},"15":{"start":{"line":88,"column":62},"end":{"line":88,"column":81}},"16":{"start":{"line":89,"column":68},"end":{"line":89,"column":87}},"17":{"start":{"line":90,"column":71},"end":{"line":90,"column":90}},"18":{"start":{"line":107,"column":43},"end":{"line":107,"column":83}}},"fnMap":{"0":{"name":"PetDetails","decl":{"start":{"line":5,"column":9},"end":{"line":5,"column":20}},"loc":{"start":{"line":5,"column":52},"end":{"line":113,"column":null}},"line":5},"1":{"name":"(anonymous_1)","decl":{"start":{"line":9,"column":21},"end":{"line":9,"column":26}},"loc":{"start":{"line":9,"column":31},"end":{"line":9,"column":50}},"line":9},"2":{"name":"(anonymous_2)","decl":{"start":{"line":15,"column":47},"end":{"line":15,"column":62}},"loc":{"start":{"line":15,"column":62},"end":{"line":15,"column":79}},"line":15},"3":{"name":"(anonymous_3)","decl":{"start":{"line":20,"column":10},"end":{"line":20,"column":33}},"loc":{"start":{"line":20,"column":45},"end":{"line":22,"column":null}},"line":20},"4":{"name":"(anonymous_4)","decl":{"start":{"line":28,"column":47},"end":{"line":28,"column":62}},"loc":{"start":{"line":28,"column":62},"end":{"line":28,"column":79}},"line":28},"5":{"name":"(anonymous_5)","decl":{"start":{"line":34,"column":47},"end":{"line":34,"column":62}},"loc":{"start":{"line":34,"column":62},"end":{"line":34,"column":79}},"line":34},"6":{"name":"(anonymous_6)","decl":{"start":{"line":35,"column":52},"end":{"line":35,"column":67}},"loc":{"start":{"line":35,"column":67},"end":{"line":35,"column":89}},"line":35},"7":{"name":"(anonymous_7)","decl":{"start":{"line":40,"column":44},"end":{"line":40,"column":59}},"loc":{"start":{"line":40,"column":59},"end":{"line":40,"column":76}},"line":40},"8":{"name":"(anonymous_8)","decl":{"start":{"line":79,"column":58},"end":{"line":79,"column":73}},"loc":{"start":{"line":79,"column":73},"end":{"line":79,"column":91}},"line":79},"9":{"name":"(anonymous_9)","decl":{"start":{"line":88,"column":47},"end":{"line":88,"column":62}},"loc":{"start":{"line":88,"column":62},"end":{"line":88,"column":81}},"line":88},"10":{"name":"(anonymous_10)","decl":{"start":{"line":89,"column":52},"end":{"line":89,"column":62}},"loc":{"start":{"line":89,"column":68},"end":{"line":89,"column":87}},"line":89},"11":{"name":"(anonymous_11)","decl":{"start":{"line":90,"column":56},"end":{"line":90,"column":71}},"loc":{"start":{"line":90,"column":71},"end":{"line":90,"column":90}},"line":90},"12":{"name":"(anonymous_12)","decl":{"start":{"line":107,"column":28},"end":{"line":107,"column":43}},"loc":{"start":{"line":107,"column":43},"end":{"line":107,"column":83}},"line":107}},"branchMap":{"0":{"loc":{"start":{"line":11,"column":4},"end":{"line":15,"column":null}},"type":"if","locations":[{"start":{"line":11,"column":4},"end":{"line":15,"column":null}},{"start":{},"end":{}}],"line":11},"1":{"loc":{"start":{"line":21,"column":41},"end":{"line":21,"column":65}},"type":"binary-expr","locations":[{"start":{"line":21,"column":41},"end":{"line":21,"column":52}},{"start":{"line":21,"column":52},"end":{"line":21,"column":65}}],"line":21},"2":{"loc":{"start":{"line":47,"column":29},"end":{"line":50,"column":null}},"type":"cond-expr","locations":[{"start":{"line":48,"column":32},"end":{"line":50,"column":33}},{"start":{"line":50,"column":32},"end":{"line":50,"column":null}}],"line":47},"3":{"loc":{"start":{"line":87,"column":13},"end":{"line":113,"column":null}},"type":"binary-expr","locations":[{"start":{"line":87,"column":13},"end":{"line":87,"column":null}},{"start":{"line":88,"column":16},"end":{"line":113,"column":null}}],"line":87},"4":{"loc":{"start":{"line":101,"column":58},"end":{"line":101,"column":103}},"type":"binary-expr","locations":[{"start":{"line":101,"column":58},"end":{"line":101,"column":81}},{"start":{"line":101,"column":81},"end":{"line":101,"column":103}}],"line":101},"5":{"loc":{"start":{"line":102,"column":67},"end":{"line":102,"column":105}},"type":"binary-expr","locations":[{"start":{"line":102,"column":67},"end":{"line":102,"column":88}},{"start":{"line":102,"column":88},"end":{"line":102,"column":105}}],"line":102}},"s":{"0":0,"1":0,"2":0,"3":0,"4":0,"5":0,"6":0,"7":0,"8":0,"9":0,"10":0,"11":0,"12":0,"13":0,"14":0,"15":0,"16":0,"17":0,"18":0},"f":{"0":0,"1":0,"2":0,"3":0,"4":0,"5":0,"6":0,"7":0,"8":0,"9":0,"10":0,"11":0,"12":0},"b":{"0":[0,0],"1":[0,0],"2":[0,0],"3":[0,0],"4":[0,0],"5":[0,0]},"meta":{"lastBranch":6,"lastFunction":13,"lastStatement":19,"seen":{"f:5:9:5:20":0,"s:7:22:7:53":0,"s:9:16:9:50":1,"f:9:21:9:26":1,"s:9:31:9:50":2,"b:11:4:15:Infinity:undefined:undefined:undefined:undefined":0,"s:11:4:15:Infinity":3,"s:12:8:15:Infinity":4,"f:15:47:15:62":2,"s:15:62:15:79":5,"s:20:10:22:Infinity":6,"f:20:10:20:33":3,"s:21:22:21:65":7,"b:21:41:21:52:21:52:21:65":1,"s:22:8:22:Infinity":8,"s:25:4:113:Infinity":9,"f:28:47:28:62":4,"s:28:62:28:79":10,"f:34:47:34:62":5,"s:34:62:34:79":11,"f:35:52:35:67":6,"s:35:67:35:89":12,"f:40:44:40:59":7,"s:40:59:40:76":13,"b:48:32:50:33:50:32:50:Infinity":2,"f:79:58:79:73":8,"s:79:73:79:91":14,"b:87:13:87:Infinity:88:16:113:Infinity":3,"f:88:47:88:62":9,"s:88:62:88:81":15,"f:89:52:89:62":10,"s:89:68:89:87":16,"f:90:56:90:71":11,"s:90:71:90:90":17,"b:101:58:101:81:101:81:101:103":4,"b:102:67:102:88:102:88:102:105":5,"f:107:28:107:43":12,"s:107:43:107:83":18}}}
,"E:\\MPP\\FetchBack\\src\\UpdatePet.jsx": {"path":"E:\\MPP\\FetchBack\\src\\UpdatePet.jsx","statementMap":{"0":{"start":{"line":6,"column":19},"end":{"line":16,"column":4}},"1":{"start":{"line":19,"column":8},"end":{"line":24,"column":null}},"2":{"start":{"line":20,"column":4},"end":{"line":24,"column":null}},"3":{"start":{"line":28,"column":8},"end":{"line":39,"column":null}},"4":{"start":{"line":29,"column":4},"end":{"line":39,"column":null}},"5":{"start":{"line":42,"column":2},"end":{"line":152,"column":null}},"6":{"start":{"line":45,"column":54},"end":{"line":45,"column":71}},"7":{"start":{"line":53,"column":51},"end":{"line":53,"column":73}},"8":{"start":{"line":75,"column":33},"end":{"line":75,"column":84}},"9":{"start":{"line":89,"column":78},"end":{"line":89,"column":136}},"10":{"start":{"line":94,"column":77},"end":{"line":94,"column":134}},"11":{"start":{"line":99,"column":74},"end":{"line":99,"column":128}},"12":{"start":{"line":110,"column":35},"end":{"line":110,"column":82}},"13":{"start":{"line":129,"column":110},"end":{"line":129,"column":138}},"14":{"start":{"line":130,"column":109},"end":{"line":130,"column":136}},"15":{"start":{"line":136,"column":79},"end":{"line":136,"column":138}},"16":{"start":{"line":143,"column":116},"end":{"line":143,"column":166}},"17":{"start":{"line":144,"column":158},"end":{"line":144,"column":211}},"18":{"start":{"line":145,"column":158},"end":{"line":145,"column":211}},"19":{"start":{"line":152,"column":60},"end":{"line":152,"column":82}}},"fnMap":{"0":{"name":"UpdatePet","decl":{"start":{"line":4,"column":9},"end":{"line":4,"column":19}},"loc":{"start":{"line":4,"column":54},"end":{"line":152,"column":null}},"line":4},"1":{"name":"(anonymous_1)","decl":{"start":{"line":19,"column":8},"end":{"line":19,"column":33}},"loc":{"start":{"line":19,"column":41},"end":{"line":24,"column":null}},"line":19},"2":{"name":"(anonymous_2)","decl":{"start":{"line":28,"column":8},"end":{"line":28,"column":25}},"loc":{"start":{"line":28,"column":25},"end":{"line":39,"column":null}},"line":28},"3":{"name":"(anonymous_3)","decl":{"start":{"line":45,"column":39},"end":{"line":45,"column":54}},"loc":{"start":{"line":45,"column":54},"end":{"line":45,"column":71}},"line":45},"4":{"name":"(anonymous_4)","decl":{"start":{"line":53,"column":36},"end":{"line":53,"column":51}},"loc":{"start":{"line":53,"column":51},"end":{"line":53,"column":73}},"line":53},"5":{"name":"(anonymous_5)","decl":{"start":{"line":75,"column":16},"end":{"line":75,"column":27}},"loc":{"start":{"line":75,"column":33},"end":{"line":75,"column":84}},"line":75},"6":{"name":"(anonymous_6)","decl":{"start":{"line":89,"column":61},"end":{"line":89,"column":72}},"loc":{"start":{"line":89,"column":78},"end":{"line":89,"column":136}},"line":89},"7":{"name":"(anonymous_7)","decl":{"start":{"line":94,"column":60},"end":{"line":94,"column":71}},"loc":{"start":{"line":94,"column":77},"end":{"line":94,"column":134}},"line":94},"8":{"name":"(anonymous_8)","decl":{"start":{"line":99,"column":57},"end":{"line":99,"column":68}},"loc":{"start":{"line":99,"column":74},"end":{"line":99,"column":128}},"line":99},"9":{"name":"(anonymous_9)","decl":{"start":{"line":110,"column":18},"end":{"line":110,"column":29}},"loc":{"start":{"line":110,"column":35},"end":{"line":110,"column":82}},"line":110},"10":{"name":"(anonymous_10)","decl":{"start":{"line":129,"column":95},"end":{"line":129,"column":110}},"loc":{"start":{"line":129,"column":110},"end":{"line":129,"column":138}},"line":129},"11":{"name":"(anonymous_11)","decl":{"start":{"line":130,"column":94},"end":{"line":130,"column":109}},"loc":{"start":{"line":130,"column":109},"end":{"line":130,"column":136}},"line":130},"12":{"name":"(anonymous_12)","decl":{"start":{"line":136,"column":62},"end":{"line":136,"column":73}},"loc":{"start":{"line":136,"column":79},"end":{"line":136,"column":138}},"line":136},"13":{"name":"(anonymous_13)","decl":{"start":{"line":143,"column":101},"end":{"line":143,"column":116}},"loc":{"start":{"line":143,"column":116},"end":{"line":143,"column":166}},"line":143},"14":{"name":"(anonymous_14)","decl":{"start":{"line":144,"column":143},"end":{"line":144,"column":158}},"loc":{"start":{"line":144,"column":158},"end":{"line":144,"column":211}},"line":144},"15":{"name":"(anonymous_15)","decl":{"start":{"line":145,"column":143},"end":{"line":145,"column":158}},"loc":{"start":{"line":145,"column":158},"end":{"line":145,"column":211}},"line":145},"16":{"name":"(anonymous_16)","decl":{"start":{"line":152,"column":45},"end":{"line":152,"column":60}},"loc":{"start":{"line":152,"column":60},"end":{"line":152,"column":82}},"line":152}},"branchMap":{"0":{"loc":{"start":{"line":7,"column":13},"end":{"line":7,"column":null}},"type":"binary-expr","locations":[{"start":{"line":7,"column":13},"end":{"line":7,"column":35}},{"start":{"line":7,"column":35},"end":{"line":7,"column":null}}],"line":7},"1":{"loc":{"start":{"line":8,"column":16},"end":{"line":8,"column":null}},"type":"binary-expr","locations":[{"start":{"line":8,"column":16},"end":{"line":8,"column":41}},{"start":{"line":8,"column":41},"end":{"line":8,"column":null}}],"line":8},"2":{"loc":{"start":{"line":9,"column":15},"end":{"line":9,"column":null}},"type":"binary-expr","locations":[{"start":{"line":9,"column":15},"end":{"line":9,"column":39}},{"start":{"line":9,"column":39},"end":{"line":9,"column":null}}],"line":9},"3":{"loc":{"start":{"line":10,"column":12},"end":{"line":10,"column":null}},"type":"binary-expr","locations":[{"start":{"line":10,"column":12},"end":{"line":10,"column":33}},{"start":{"line":10,"column":33},"end":{"line":10,"column":null}}],"line":10},"4":{"loc":{"start":{"line":11,"column":9},"end":{"line":11,"column":null}},"type":"binary-expr","locations":[{"start":{"line":11,"column":9},"end":{"line":11,"column":27}},{"start":{"line":11,"column":27},"end":{"line":11,"column":null}}],"line":11},"5":{"loc":{"start":{"line":12,"column":15},"end":{"line":12,"column":null}},"type":"cond-expr","locations":[{"start":{"line":12,"column":50},"end":{"line":12,"column":58}},{"start":{"line":12,"column":58},"end":{"line":12,"column":null}}],"line":12},"6":{"loc":{"start":{"line":13,"column":17},"end":{"line":13,"column":null}},"type":"binary-expr","locations":[{"start":{"line":13,"column":17},"end":{"line":13,"column":43}},{"start":{"line":13,"column":43},"end":{"line":13,"column":null}}],"line":13},"7":{"loc":{"start":{"line":14,"column":11},"end":{"line":14,"column":null}},"type":"binary-expr","locations":[{"start":{"line":14,"column":11},"end":{"line":14,"column":31}},{"start":{"line":14,"column":31},"end":{"line":14,"column":null}}],"line":14},"8":{"loc":{"start":{"line":15,"column":12},"end":{"line":15,"column":null}},"type":"binary-expr","locations":[{"start":{"line":15,"column":12},"end":{"line":15,"column":33}},{"start":{"line":15,"column":33},"end":{"line":15,"column":null}}],"line":15},"9":{"loc":{"start":{"line":23,"column":14},"end":{"line":23,"column":null}},"type":"cond-expr","locations":[{"start":{"line":23,"column":29},"end":{"line":23,"column":46}},{"start":{"line":23,"column":46},"end":{"line":23,"column":null}}],"line":23},"10":{"loc":{"start":{"line":38,"column":17},"end":{"line":38,"column":null}},"type":"cond-expr","locations":[{"start":{"line":38,"column":48},"end":{"line":38,"column":58}},{"start":{"line":38,"column":58},"end":{"line":38,"column":null}}],"line":38},"11":{"loc":{"start":{"line":58,"column":13},"end":{"line":65,"column":null}},"type":"cond-expr","locations":[{"start":{"line":59,"column":14},"end":{"line":65,"column":15}},{"start":{"line":65,"column":14},"end":{"line":65,"column":null}}],"line":58},"12":{"loc":{"start":{"line":129,"column":49},"end":{"line":129,"column":95}},"type":"cond-expr","locations":[{"start":{"line":129,"column":80},"end":{"line":129,"column":91}},{"start":{"line":129,"column":91},"end":{"line":129,"column":95}}],"line":129},"13":{"loc":{"start":{"line":130,"column":49},"end":{"line":130,"column":94}},"type":"cond-expr","locations":[{"start":{"line":130,"column":79},"end":{"line":130,"column":90}},{"start":{"line":130,"column":90},"end":{"line":130,"column":94}}],"line":130},"14":{"loc":{"start":{"line":141,"column":57},"end":{"line":141,"column":null}},"type":"cond-expr","locations":[{"start":{"line":141,"column":87},"end":{"line":141,"column":103}},{"start":{"line":141,"column":103},"end":{"line":141,"column":null}}],"line":141},"15":{"loc":{"start":{"line":143,"column":49},"end":{"line":143,"column":101}},"type":"cond-expr","locations":[{"start":{"line":143,"column":86},"end":{"line":143,"column":97}},{"start":{"line":143,"column":97},"end":{"line":143,"column":101}}],"line":143},"16":{"loc":{"start":{"line":144,"column":88},"end":{"line":144,"column":143}},"type":"cond-expr","locations":[{"start":{"line":144,"column":128},"end":{"line":144,"column":139}},{"start":{"line":144,"column":139},"end":{"line":144,"column":143}}],"line":144},"17":{"loc":{"start":{"line":145,"column":88},"end":{"line":145,"column":143}},"type":"cond-expr","locations":[{"start":{"line":145,"column":128},"end":{"line":145,"column":139}},{"start":{"line":145,"column":139},"end":{"line":145,"column":143}}],"line":145}},"s":{"0":1,"1":1,"2":0,"3":1,"4":1,"5":1,"6":0,"7":0,"8":0,"9":0,"10":0,"11":0,"12":0,"13":0,"14":0,"15":0,"16":0,"17":0,"18":0,"19":0},"f":{"0":1,"1":0,"2":1,"3":0,"4":0,"5":0,"6":0,"7":0,"8":0,"9":0,"10":0,"11":0,"12":0,"13":0,"14":0,"15":0,"16":0},"b":{"0":[1,0],"1":[1,1],"2":[1,1],"3":[1,1],"4":[1,1],"5":[0,1],"6":[1,1],"7":[1,1],"8":[1,0],"9":[0,0],"10":[0,1],"11":[0,1],"12":[0,1],"13":[1,0],"14":[1,0],"15":[1,0],"16":[0,1],"17":[0,1]},"meta":{"lastBranch":18,"lastFunction":17,"lastStatement":20,"seen":{"f:4:9:4:19":0,"s:6:19:16:4":0,"b:7:13:7:35:7:35:7:Infinity":0,"b:8:16:8:41:8:41:8:Infinity":1,"b:9:15:9:39:9:39:9:Infinity":2,"b:10:12:10:33:10:33:10:Infinity":3,"b:11:9:11:27:11:27:11:Infinity":4,"b:12:50:12:58:12:58:12:Infinity":5,"b:13:17:13:43:13:43:13:Infinity":6,"b:14:11:14:31:14:31:14:Infinity":7,"b:15:12:15:33:15:33:15:Infinity":8,"s:19:8:24:Infinity":1,"f:19:8:19:33":1,"s:20:4:24:Infinity":2,"b:23:29:23:46:23:46:23:Infinity":9,"s:28:8:39:Infinity":3,"f:28:8:28:25":2,"s:29:4:39:Infinity":4,"b:38:48:38:58:38:58:38:Infinity":10,"s:42:2:152:Infinity":5,"f:45:39:45:54":3,"s:45:54:45:71":6,"f:53:36:53:51":4,"s:53:51:53:73":7,"b:59:14:65:15:65:14:65:Infinity":11,"f:75:16:75:27":5,"s:75:33:75:84":8,"f:89:61:89:72":6,"s:89:78:89:136":9,"f:94:60:94:71":7,"s:94:77:94:134":10,"f:99:57:99:68":8,"s:99:74:99:128":11,"f:110:18:110:29":9,"s:110:35:110:82":12,"b:129:80:129:91:129:91:129:95":12,"f:129:95:129:110":10,"s:129:110:129:138":13,"b:130:79:130:90:130:90:130:94":13,"f:130:94:130:109":11,"s:130:109:130:136":14,"f:136:62:136:73":12,"s:136:79:136:138":15,"b:141:87:141:103:141:103:141:Infinity":14,"b:143:86:143:97:143:97:143:101":15,"f:143:101:143:116":13,"s:143:116:143:166":16,"b:144:128:144:139:144:139:144:143":16,"f:144:143:144:158":14,"s:144:158:144:211":17,"b:145:128:145:139:145:139:145:143":17,"f:145:143:145:158":15,"s:145:158:145:211":18,"f:152:45:152:60":16,"s:152:60:152:82":19}}}
,"E:\\MPP\\FetchBack\\src\\VetDashboard.css": {"path":"E:\\MPP\\FetchBack\\src\\VetDashboard.css","statementMap":{},"fnMap":{},"branchMap":{},"s":{},"f":{},"b":{},"meta":{"lastBranch":0,"lastFunction":0,"lastStatement":0,"seen":{}}}
,"E:\\MPP\\FetchBack\\src\\VetDashboard.jsx": {"path":"E:\\MPP\\FetchBack\\src\\VetDashboard.jsx","statementMap":{"0":{"start":{"line":9,"column":4},"end":{"line":12,"column":null}},"1":{"start":{"line":18,"column":8},"end":{"line":18,"column":null}},"2":{"start":{"line":18,"column":28},"end":{"line":18,"column":null}},"3":{"start":{"line":19,"column":8},"end":{"line":19,"column":null}},"4":{"start":{"line":19,"column":27},"end":{"line":19,"column":null}},"5":{"start":{"line":21,"column":2},"end":{"line":117,"column":null}},"6":{"start":{"line":25,"column":54},"end":{"line":25,"column":71}},"7":{"start":{"line":26,"column":147},"end":{"line":26,"column":167}},"8":{"start":{"line":34,"column":31},"end":{"line":34,"column":48}},"9":{"start":{"line":41,"column":53},"end":{"line":41,"column":73}},"10":{"start":{"line":56,"column":12},"end":{"line":96,"column":null}},"11":{"start":{"line":83,"column":20},"end":{"line":83,"column":null}},"12":{"start":{"line":84,"column":20},"end":{"line":84,"column":null}},"13":{"start":{"line":90,"column":20},"end":{"line":90,"column":null}},"14":{"start":{"line":91,"column":20},"end":{"line":91,"column":null}},"15":{"start":{"line":103,"column":27},"end":{"line":103,"column":58}},"16":{"start":{"line":113,"column":27},"end":{"line":113,"column":58}}},"fnMap":{"0":{"name":"VetDashboard","decl":{"start":{"line":5,"column":9},"end":{"line":5,"column":22}},"loc":{"start":{"line":6,"column":0},"end":{"line":117,"column":null}},"line":6},"1":{"name":"SummaryBox","decl":{"start":{"line":8,"column":11},"end":{"line":8,"column":22}},"loc":{"start":{"line":8,"column":67},"end":{"line":12,"column":null}},"line":8},"2":{"name":"(anonymous_2)","decl":{"start":{"line":18,"column":8},"end":{"line":18,"column":28}},"loc":{"start":{"line":18,"column":28},"end":{"line":18,"column":null}},"line":18},"3":{"name":"(anonymous_3)","decl":{"start":{"line":19,"column":8},"end":{"line":19,"column":27}},"loc":{"start":{"line":19,"column":27},"end":{"line":19,"column":null}},"line":19},"4":{"name":"(anonymous_4)","decl":{"start":{"line":25,"column":39},"end":{"line":25,"column":54}},"loc":{"start":{"line":25,"column":54},"end":{"line":25,"column":71}},"line":25},"5":{"name":"(anonymous_5)","decl":{"start":{"line":26,"column":132},"end":{"line":26,"column":147}},"loc":{"start":{"line":26,"column":147},"end":{"line":26,"column":167}},"line":26},"6":{"name":"(anonymous_6)","decl":{"start":{"line":34,"column":16},"end":{"line":34,"column":31}},"loc":{"start":{"line":34,"column":31},"end":{"line":34,"column":48}},"line":34},"7":{"name":"(anonymous_7)","decl":{"start":{"line":41,"column":38},"end":{"line":41,"column":53}},"loc":{"start":{"line":41,"column":53},"end":{"line":41,"column":73}},"line":41},"8":{"name":"(anonymous_8)","decl":{"start":{"line":55,"column":16},"end":{"line":55,"column":21}},"loc":{"start":{"line":56,"column":12},"end":{"line":96,"column":null}},"line":56},"9":{"name":"(anonymous_9)","decl":{"start":{"line":82,"column":61},"end":{"line":82,"column":76}},"loc":{"start":{"line":82,"column":76},"end":{"line":84,"column":null}},"line":82},"10":{"name":"(anonymous_10)","decl":{"start":{"line":89,"column":63},"end":{"line":89,"column":78}},"loc":{"start":{"line":89,"column":78},"end":{"line":91,"column":null}},"line":89},"11":{"name":"(anonymous_11)","decl":{"start":{"line":103,"column":12},"end":{"line":103,"column":27}},"loc":{"start":{"line":103,"column":27},"end":{"line":103,"column":58}},"line":103},"12":{"name":"(anonymous_12)","decl":{"start":{"line":113,"column":12},"end":{"line":113,"column":27}},"loc":{"start":{"line":113,"column":27},"end":{"line":113,"column":58}},"line":113}},"branchMap":{"0":{"loc":{"start":{"line":8,"column":38},"end":{"line":8,"column":67}},"type":"default-arg","locations":[{"start":{"line":8,"column":51},"end":{"line":8,"column":67}}],"line":8},"1":{"loc":{"start":{"line":58,"column":17},"end":{"line":65,"column":null}},"type":"cond-expr","locations":[{"start":{"line":59,"column":20},"end":{"line":65,"column":21}},{"start":{"line":65,"column":20},"end":{"line":65,"column":null}}],"line":58},"2":{"loc":{"start":{"line":77,"column":39},"end":{"line":77,"column":null}},"type":"cond-expr","locations":[{"start":{"line":77,"column":71},"end":{"line":77,"column":94}},{"start":{"line":77,"column":94},"end":{"line":77,"column":null}}],"line":77},"3":{"loc":{"start":{"line":77,"column":94},"end":{"line":77,"column":null}},"type":"cond-expr","locations":[{"start":{"line":77,"column":129},"end":{"line":77,"column":149}},{"start":{"line":77,"column":149},"end":{"line":77,"column":null}}],"line":77},"4":{"loc":{"start":{"line":109,"column":71},"end":{"line":109,"column":null}},"type":"binary-expr","locations":[{"start":{"line":109,"column":71},"end":{"line":109,"column":85}},{"start":{"line":109,"column":85},"end":{"line":109,"column":null}}],"line":109}},"s":{"0":30,"1":10,"2":7,"3":10,"4":7,"5":10,"6":0,"7":0,"8":0,"9":2,"10":7,"11":1,"12":1,"13":1,"14":1,"15":0,"16":0},"f":{"0":10,"1":30,"2":7,"3":7,"4":0,"5":0,"6":0,"7":2,"8":7,"9":1,"10":1,"11":0,"12":0},"b":{"0":[30],"1":[0,7],"2":[6,1],"3":[1,0],"4":[10,0]},"meta":{"lastBranch":5,"lastFunction":13,"lastStatement":17,"seen":{"f:5:9:5:22":0,"f:8:11:8:22":1,"b:8:51:8:67":0,"s:9:4:12:Infinity":0,"s:18:8:18:Infinity":1,"f:18:8:18:28":2,"s:18:28:18:Infinity":2,"s:19:8:19:Infinity":3,"f:19:8:19:27":3,"s:19:27:19:Infinity":4,"s:21:2:117:Infinity":5,"f:25:39:25:54":4,"s:25:54:25:71":6,"f:26:132:26:147":5,"s:26:147:26:167":7,"f:34:16:34:31":6,"s:34:31:34:48":8,"f:41:38:41:53":7,"s:41:53:41:73":9,"f:55:16:55:21":8,"s:56:12:96:Infinity":10,"b:59:20:65:21:65:20:65:Infinity":1,"b:77:71:77:94:77:94:77:Infinity":2,"b:77:129:77:149:77:149:77:Infinity":3,"f:82:61:82:76":9,"s:83:20:83:Infinity":11,"s:84:20:84:Infinity":12,"f:89:63:89:78":10,"s:90:20:90:Infinity":13,"s:91:20:91:Infinity":14,"f:103:12:103:27":11,"s:103:27:103:58":15,"b:109:71:109:85:109:85:109:Infinity":4,"f:113:12:113:27":12,"s:113:27:113:58":16}}}
,"E:\\MPP\\FetchBack\\src\\assets\\logo.png": {"path":"E:\\MPP\\FetchBack\\src\\assets\\logo.png","statementMap":{},"fnMap":{},"branchMap":{},"s":{},"f":{},"b":{},"meta":{"lastBranch":0,"lastFunction":0,"lastStatement":0,"seen":{}}}
}
